----- GET /index 304 4.642 ms
----- GET /favicon.ico 304 0.455 ms
----- GET //index 200 0.592 ms
----- GET /favicon.ico 304 0.262 ms
----- GET //index 304 0.564 ms
----- GET /favicon.ico 304 0.415 ms
----- GET //index 304 0.327 ms
----- GET /favicon.ico 304 0.462 ms
----- GET //index 304 0.426 ms
----- GET /favicon.ico 304 0.318 ms
----- GET //index 304 0.208 ms
----- GET /favicon.ico 304 0.207 ms
----- GET //index 304 0.887 ms
----- GET /favicon.ico 304 0.204 ms
----- GET //index 304 0.215 ms
----- GET /favicon.ico 304 0.207 ms
----- GET //index 304 0.201 ms
----- GET /favicon.ico 304 0.198 ms
----- GET //index 304 0.210 ms
----- GET /favicon.ico 304 0.213 ms
----- GET //index 304 0.202 ms
----- GET /favicon.ico 304 0.526 ms
----- GET /index 304 0.278 ms
----- GET /favicon.ico 304 0.207 ms
----- GET /index 304 1.139 ms
----- GET /favicon.ico 304 0.209 ms
----- GET /index 304 0.222 ms
----- GET /favicon.ico 304 0.214 ms
----- GET /index 304 4.053 ms
----- GET /favicon.ico 304 0.452 ms
::1 - - [31/Aug/2017:07:12:01 +0000] "GET /index/ HTTP/1.1" 500 2 "-" "Mozilla/5.0 (Windows NT 6.1; WOW64) AppleWebKit/537.36 (KHTML, like Gecko) Chrome/60.0.3112.113 Safari/537.36"
::1 - - [31/Aug/2017:07:12:01 +0000] "GET /favicon.ico HTTP/1.1" 304 - "http://localhost:3000/index/" "Mozilla/5.0 (Windows NT 6.1; WOW64) AppleWebKit/537.36 (KHTML, like Gecko) Chrome/60.0.3112.113 Safari/537.36"
----- GET /index/ 500 6.169 ms
----- GET /favicon.ico 304 0.456 ms
----- GET /index/ 500 0.552 ms
----- GET /favicon.ico 304 0.321 ms
----- GET /index/ 500 0.395 ms
----- GET /favicon.ico 304 0.211 ms
----- GET /index/ 500 0.357 ms
----- GET /favicon.ico 304 0.206 ms
----- GET /index/ 500 0.389 ms
----- GET /favicon.ico 304 0.223 ms
----- GET /index/ 500 0.452 ms
----- GET /favicon.ico 304 0.219 ms
----- GET /index/ 500 1.479 ms
----- GET /favicon.ico 304 0.568 ms
----- GET /index/ 500 0.508 ms
----- GET /favicon.ico 304 0.254 ms
----- GET /index/ 500 0.320 ms
----- GET /favicon.ico 304 0.205 ms
----- GET /index/ 500 0.399 ms
----- GET /favicon.ico 304 0.209 ms
----- GET /index/ 500 0.343 ms
----- GET /favicon.ico 304 0.361 ms
----- GET /index/ 500 0.923 ms
----- GET /favicon.ico 304 0.304 ms
----- GET /index/ 500 0.583 ms
----- GET /favicon.ico 304 0.406 ms
----- GET /index/index 500 6.295 ms
----- GET /favicon.ico 304 0.804 ms
----- GET /index/index 500 5.910 ms
----- GET /favicon.ico 304 0.470 ms
----- GET /index/index 500 0.677 ms
----- GET /favicon.ico 304 0.204 ms
-----[31/Aug/2017:07:22:40 +0000] GET /index/index 500 6.454 ms - Mozilla/5.0 (Windows NT 6.1; WOW64) AppleWebKit/537.36 (KHTML, like Gecko) Chrome/60.0.3112.113 Safari/537.36
-----[31/Aug/2017:07:22:40 +0000] GET /favicon.ico 304 0.472 ms http://localhost:3000/index/index Mozilla/5.0 (Windows NT 6.1; WOW64) AppleWebKit/537.36 (KHTML, like Gecko) Chrome/60.0.3112.113 Safari/537.36
-----[31/Aug/2017:07:24:36 +0000] GET /index/index 500 11.406 ms - Mozilla/5.0 (Windows NT 6.1; WOW64) AppleWebKit/537.36 (KHTML, like Gecko) Chrome/60.0.3112.113 Safari/537.36
-----[31/Aug/2017:07:24:36 +0000] GET /favicon.ico 304 2.019 ms http://localhost:3000/index/index Mozilla/5.0 (Windows NT 6.1; WOW64) AppleWebKit/537.36 (KHTML, like Gecko) Chrome/60.0.3112.113 Safari/537.36
-----[31/Aug/2017:07:24:36 +0000] GET /index/index 500 1.695 ms - Mozilla/5.0 (Windows NT 6.1; WOW64) AppleWebKit/537.36 (KHTML, like Gecko) Chrome/60.0.3112.113 Safari/537.36
-----[31/Aug/2017:07:24:36 +0000] GET /favicon.ico 304 0.348 ms http://localhost:3000/index/index Mozilla/5.0 (Windows NT 6.1; WOW64) AppleWebKit/537.36 (KHTML, like Gecko) Chrome/60.0.3112.113 Safari/537.36
-----[31/Aug/2017:07:24:36 +0000] GET /index/index 500 0.710 ms - Mozilla/5.0 (Windows NT 6.1; WOW64) AppleWebKit/537.36 (KHTML, like Gecko) Chrome/60.0.3112.113 Safari/537.36
-----[31/Aug/2017:07:24:36 +0000] GET /favicon.ico 304 0.242 ms http://localhost:3000/index/index Mozilla/5.0 (Windows NT 6.1; WOW64) AppleWebKit/537.36 (KHTML, like Gecko) Chrome/60.0.3112.113 Safari/537.36
-----[31/Aug/2017:07:26:06 +0000] GET /index/index 200 3.418 ms - Mozilla/5.0 (Windows NT 6.1; WOW64) AppleWebKit/537.36 (KHTML, like Gecko) Chrome/60.0.3112.113 Safari/537.36
-----[31/Aug/2017:07:26:06 +0000] GET /favicon.ico 304 0.683 ms http://localhost:3000/index/index Mozilla/5.0 (Windows NT 6.1; WOW64) AppleWebKit/537.36 (KHTML, like Gecko) Chrome/60.0.3112.113 Safari/537.36
-----[31/Aug/2017:07:26:07 +0000] GET /index/index 304 0.367 ms - Mozilla/5.0 (Windows NT 6.1; WOW64) AppleWebKit/537.36 (KHTML, like Gecko) Chrome/60.0.3112.113 Safari/537.36
-----[31/Aug/2017:07:26:07 +0000] GET /favicon.ico 304 0.189 ms http://localhost:3000/index/index Mozilla/5.0 (Windows NT 6.1; WOW64) AppleWebKit/537.36 (KHTML, like Gecko) Chrome/60.0.3112.113 Safari/537.36
-----[31/Aug/2017:07:26:08 +0000] GET /index/index 304 0.309 ms - Mozilla/5.0 (Windows NT 6.1; WOW64) AppleWebKit/537.36 (KHTML, like Gecko) Chrome/60.0.3112.113 Safari/537.36
-----[31/Aug/2017:07:26:08 +0000] GET /favicon.ico 304 0.330 ms http://localhost:3000/index/index Mozilla/5.0 (Windows NT 6.1; WOW64) AppleWebKit/537.36 (KHTML, like Gecko) Chrome/60.0.3112.113 Safari/537.36
-----[31/Aug/2017:08:53:40 +0000] GET /index/index 304 0.241 ms - Mozilla/5.0 (Windows NT 6.1; WOW64) AppleWebKit/537.36 (KHTML, like Gecko) Chrome/60.0.3112.113 Safari/537.36
-----[31/Aug/2017:08:53:40 +0000] GET /favicon.ico 304 0.201 ms http://localhost:3000/index/index Mozilla/5.0 (Windows NT 6.1; WOW64) AppleWebKit/537.36 (KHTML, like Gecko) Chrome/60.0.3112.113 Safari/537.36
-----[31/Aug/2017:08:53:45 +0000] GET /index/index/dd 200 0.237 ms - Mozilla/5.0 (Windows NT 6.1; WOW64) AppleWebKit/537.36 (KHTML, like Gecko) Chrome/60.0.3112.113 Safari/537.36
-----[31/Aug/2017:08:53:45 +0000] GET /favicon.ico 304 0.190 ms http://localhost:3000/index/index/dd Mozilla/5.0 (Windows NT 6.1; WOW64) AppleWebKit/537.36 (KHTML, like Gecko) Chrome/60.0.3112.113 Safari/537.36
-----[31/Aug/2017:08:53:57 +0000] GET /index/index/dd 404 5.134 ms - Mozilla/5.0 (Windows NT 6.1; WOW64) AppleWebKit/537.36 (KHTML, like Gecko) Chrome/60.0.3112.113 Safari/537.36
-----[31/Aug/2017:08:53:58 +0000] GET /favicon.ico 404 0.514 ms http://localhost:3000/index/index/dd Mozilla/5.0 (Windows NT 6.1; WOW64) AppleWebKit/537.36 (KHTML, like Gecko) Chrome/60.0.3112.113 Safari/537.36
-----[31/Aug/2017:08:54:05 +0000] GET /index/index/ 500 1.648 ms - Mozilla/5.0 (Windows NT 6.1; WOW64) AppleWebKit/537.36 (KHTML, like Gecko) Chrome/60.0.3112.113 Safari/537.36
-----[31/Aug/2017:08:54:05 +0000] GET /favicon.ico 404 0.526 ms http://localhost:3000/index/index/ Mozilla/5.0 (Windows NT 6.1; WOW64) AppleWebKit/537.36 (KHTML, like Gecko) Chrome/60.0.3112.113 Safari/537.36
-----[31/Aug/2017:08:54:13 +0000] GET /index/index 500 0.747 ms - Mozilla/5.0 (Windows NT 6.1; WOW64) AppleWebKit/537.36 (KHTML, like Gecko) Chrome/60.0.3112.113 Safari/537.36
-----[31/Aug/2017:08:54:13 +0000] GET /favicon.ico 404 0.406 ms http://localhost:3000/index/index Mozilla/5.0 (Windows NT 6.1; WOW64) AppleWebKit/537.36 (KHTML, like Gecko) Chrome/60.0.3112.113 Safari/537.36
-----[31/Aug/2017:08:54:15 +0000] GET /index/index 500 0.719 ms - Mozilla/5.0 (Windows NT 6.1; WOW64) AppleWebKit/537.36 (KHTML, like Gecko) Chrome/60.0.3112.113 Safari/537.36
-----[31/Aug/2017:08:54:15 +0000] GET /favicon.ico 404 0.278 ms http://localhost:3000/index/index Mozilla/5.0 (Windows NT 6.1; WOW64) AppleWebKit/537.36 (KHTML, like Gecko) Chrome/60.0.3112.113 Safari/537.36
-----[31/Aug/2017:08:54:17 +0000] GET /index/index 500 0.380 ms - Mozilla/5.0 (Windows NT 6.1; WOW64) AppleWebKit/537.36 (KHTML, like Gecko) Chrome/60.0.3112.113 Safari/537.36
-----[31/Aug/2017:08:54:17 +0000] GET /favicon.ico 404 0.254 ms http://localhost:3000/index/index Mozilla/5.0 (Windows NT 6.1; WOW64) AppleWebKit/537.36 (KHTML, like Gecko) Chrome/60.0.3112.113 Safari/537.36
-----[31/Aug/2017:09:17:44 +0000] GET /index/index 200 10.074 ms - Mozilla/5.0 (Windows NT 6.1; WOW64) AppleWebKit/537.36 (KHTML, like Gecko) Chrome/60.0.3112.113 Safari/537.36
-----[31/Aug/2017:09:17:44 +0000] GET /favicon.ico 404 1.462 ms http://localhost:3000/index/index Mozilla/5.0 (Windows NT 6.1; WOW64) AppleWebKit/537.36 (KHTML, like Gecko) Chrome/60.0.3112.113 Safari/537.36
-----[04/Sep/2017:06:33:26 +0000] GET / 404 4.939 ms - Mozilla/5.0 (Windows NT 6.1; WOW64) AppleWebKit/537.36 (KHTML, like Gecko) Chrome/60.0.3112.113 Safari/537.36
-----[04/Sep/2017:06:33:26 +0000] GET /favicon.ico 404 0.772 ms http://localhost:3000/ Mozilla/5.0 (Windows NT 6.1; WOW64) AppleWebKit/537.36 (KHTML, like Gecko) Chrome/60.0.3112.113 Safari/537.36
-----[05/Sep/2017:02:57:59 +0000] GET / 404 5.628 ms - Mozilla/5.0 (Windows NT 6.1; WOW64) AppleWebKit/537.36 (KHTML, like Gecko) Chrome/60.0.3112.113 Safari/537.36
-----[05/Sep/2017:02:57:59 +0000] GET /favicon.ico 404 0.918 ms http://localhost:3000/ Mozilla/5.0 (Windows NT 6.1; WOW64) AppleWebKit/537.36 (KHTML, like Gecko) Chrome/60.0.3112.113 Safari/537.36
-----[05/Sep/2017:02:58:15 +0000] GET /users/user 200 4.495 ms - Mozilla/5.0 (Windows NT 6.1; WOW64) AppleWebKit/537.36 (KHTML, like Gecko) Chrome/60.0.3112.113 Safari/537.36
-----[06/Sep/2017:18:26:00 +0000] GET /users/user 200 83.853 ms - Mozilla/5.0 (Macintosh; Intel Mac OS X 10_12_6) AppleWebKit/537.36 (KHTML, like Gecko) Chrome/60.0.3112.113 Safari/537.36
-----[06/Sep/2017:18:26:00 +0000] GET /favicon.ico 404 0.670 ms http://localhost:3000/users/user Mozilla/5.0 (Macintosh; Intel Mac OS X 10_12_6) AppleWebKit/537.36 (KHTML, like Gecko) Chrome/60.0.3112.113 Safari/537.36
-----[07/Sep/2017:17:27:05 +0000] GET /users/user 200 60.195 ms - Mozilla/5.0 (Macintosh; Intel Mac OS X 10_12_6) AppleWebKit/537.36 (KHTML, like Gecko) Chrome/60.0.3112.113 Safari/537.36
-----[07/Sep/2017:17:40:55 +0000] GET /admin/role - - ms - Mozilla/5.0 (Macintosh; Intel Mac OS X 10_12_6) AppleWebKit/537.36 (KHTML, like Gecko) Chrome/60.0.3112.113 Safari/537.36
-----[07/Sep/2017:17:40:55 +0000] GET /users/user 404 1.178 ms - Mozilla/5.0 (Macintosh; Intel Mac OS X 10_12_6) AppleWebKit/537.36 (KHTML, like Gecko) Chrome/60.0.3112.113 Safari/537.36
-----[07/Sep/2017:17:41:31 +0000] GET /admin/role - - ms - Mozilla/5.0 (Macintosh; Intel Mac OS X 10_12_6) AppleWebKit/537.36 (KHTML, like Gecko) Chrome/60.0.3112.113 Safari/537.36
-----[07/Sep/2017:17:41:31 +0000] GET /users/user 404 0.349 ms - Mozilla/5.0 (Macintosh; Intel Mac OS X 10_12_6) AppleWebKit/537.36 (KHTML, like Gecko) Chrome/60.0.3112.113 Safari/537.36
-----[07/Sep/2017:17:43:26 +0000] GET /admin/role 200 29.251 ms - Mozilla/5.0 (Macintosh; Intel Mac OS X 10_12_6) AppleWebKit/537.36 (KHTML, like Gecko) Chrome/60.0.3112.113 Safari/537.36
-----[10/Sep/2017:16:14:40 +0000] GET / 404 3.207 ms - Mozilla/5.0 (Macintosh; Intel Mac OS X 10_12_6) AppleWebKit/537.36 (KHTML, like Gecko) Chrome/60.0.3112.113 Safari/537.36
-----[10/Sep/2017:16:14:40 +0000] GET /favicon.ico 404 0.372 ms http://localhost:3000/ Mozilla/5.0 (Macintosh; Intel Mac OS X 10_12_6) AppleWebKit/537.36 (KHTML, like Gecko) Chrome/60.0.3112.113 Safari/537.36
-----[10/Sep/2017:16:14:45 +0000] GET /admin 404 0.746 ms - Mozilla/5.0 (Macintosh; Intel Mac OS X 10_12_6) AppleWebKit/537.36 (KHTML, like Gecko) Chrome/60.0.3112.113 Safari/537.36
-----[10/Sep/2017:16:14:50 +0000] GET /admin/user 200 25.738 ms - Mozilla/5.0 (Macintosh; Intel Mac OS X 10_12_6) AppleWebKit/537.36 (KHTML, like Gecko) Chrome/60.0.3112.113 Safari/537.36
-----[10/Sep/2017:16:14:54 +0000] GET /admin/role 200 56.640 ms - Mozilla/5.0 (Macintosh; Intel Mac OS X 10_12_6) AppleWebKit/537.36 (KHTML, like Gecko) Chrome/60.0.3112.113 Safari/537.36
-----[10/Sep/2017:16:23:04 +0000] GET /admin/role 200 25.509 ms - Mozilla/5.0 (Macintosh; Intel Mac OS X 10_12_6) AppleWebKit/537.36 (KHTML, like Gecko) Chrome/60.0.3112.113 Safari/537.36
-----[10/Sep/2017:16:23:04 +0000] GET /favicon.ico 404 0.636 ms http://localhost:8001/admin/role Mozilla/5.0 (Macintosh; Intel Mac OS X 10_12_6) AppleWebKit/537.36 (KHTML, like Gecko) Chrome/60.0.3112.113 Safari/537.36
-----[10/Sep/2017:16:28:05 +0000] GET /admin/user?phone=111111111111 200 48.752 ms - Mozilla/5.0 (Macintosh; Intel Mac OS X 10_12_6) AppleWebKit/537.36 (KHTML, like Gecko) Chrome/60.0.3112.113 Safari/537.36
-----[10/Sep/2017:16:29:41 +0000] GET /admin/user?phone=111111111111&user_name=asdkljksandnas 200 31.312 ms - Mozilla/5.0 (Macintosh; Intel Mac OS X 10_12_6) AppleWebKit/537.36 (KHTML, like Gecko) Chrome/60.0.3112.113 Safari/537.36
-----[10/Sep/2017:17:24:35 +0000] GET /admin/user?phone=111111111111&user_name=asdkljksandnas 200 29.135 ms - Mozilla/5.0 (Macintosh; Intel Mac OS X 10_12_6) AppleWebKit/537.36 (KHTML, like Gecko) Chrome/60.0.3112.113 Safari/537.36
-----[10/Sep/2017:17:41:21 +0000] GET /admin/user?phone=111111111111&user_name=asdkljksandnas 200 28.190 ms - Mozilla/5.0 (Macintosh; Intel Mac OS X 10_12_6) AppleWebKit/537.36 (KHTML, like Gecko) Chrome/60.0.3112.113 Safari/537.36
-----[10/Sep/2017:17:44:18 +0000] GET /admin/user?phone=111111111111&user_name=asdkljksandnas 200 26.185 ms - Mozilla/5.0 (Macintosh; Intel Mac OS X 10_12_6) AppleWebKit/537.36 (KHTML, like Gecko) Chrome/60.0.3112.113 Safari/537.36
-----[10/Sep/2017:17:44:26 +0000] GET /admin/user?phone=111111111111&user_name=asdkljksandnas 200 4.018 ms - Mozilla/5.0 (Macintosh; Intel Mac OS X 10_12_6) AppleWebKit/537.36 (KHTML, like Gecko) Chrome/60.0.3112.113 Safari/537.36
-----[10/Sep/2017:17:46:01 +0000] GET /admin/user?phone=111111111111&user_name=asdkljksandnas 200 25.905 ms - Mozilla/5.0 (Macintosh; Intel Mac OS X 10_12_6) AppleWebKit/537.36 (KHTML, like Gecko) Chrome/60.0.3112.113 Safari/537.36
-----[10/Sep/2017:17:46:11 +0000] GET /admin/user?user_name=asdkljksandnas 200 3.349 ms - Mozilla/5.0 (Macintosh; Intel Mac OS X 10_12_6) AppleWebKit/537.36 (KHTML, like Gecko) Chrome/60.0.3112.113 Safari/537.36
-----[10/Sep/2017:17:46:13 +0000] GET /admin/user?user_name=asdkljksandnas 200 2.000 ms - Mozilla/5.0 (Macintosh; Intel Mac OS X 10_12_6) AppleWebKit/537.36 (KHTML, like Gecko) Chrome/60.0.3112.113 Safari/537.36
-----[10/Sep/2017:17:46:19 +0000] GET /admin/user?user_name=asdkljksandnas 200 3.771 ms - Mozilla/5.0 (Macintosh; Intel Mac OS X 10_12_6) AppleWebKit/537.36 (KHTML, like Gecko) Chrome/60.0.3112.113 Safari/537.36
-----[10/Sep/2017:17:48:06 +0000] GET /admin/user?user_name=asdkljksandnas 200 29.169 ms - Mozilla/5.0 (Macintosh; Intel Mac OS X 10_12_6) AppleWebKit/537.36 (KHTML, like Gecko) Chrome/60.0.3112.113 Safari/537.36
-----[10/Sep/2017:17:48:54 +0000] GET /admin/user?user_name=asdkljksandnas 200 31.091 ms - Mozilla/5.0 (Macintosh; Intel Mac OS X 10_12_6) AppleWebKit/537.36 (KHTML, like Gecko) Chrome/60.0.3112.113 Safari/537.36
-----[10/Sep/2017:17:50:41 +0000] GET /admin/user?user_name=asdkljksandnas 200 33.209 ms - Mozilla/5.0 (Macintosh; Intel Mac OS X 10_12_6) AppleWebKit/537.36 (KHTML, like Gecko) Chrome/60.0.3112.113 Safari/537.36
-----[10/Sep/2017:17:51:19 +0000] GET /admin/user?user_name=asdkljksandnas 200 28.767 ms - Mozilla/5.0 (Macintosh; Intel Mac OS X 10_12_6) AppleWebKit/537.36 (KHTML, like Gecko) Chrome/60.0.3112.113 Safari/537.36
-----[10/Sep/2017:17:53:02 +0000] GET /admin/user?user_name=asdkljksandnas 200 16.227 ms - Mozilla/5.0 (Macintosh; Intel Mac OS X 10_12_6) AppleWebKit/537.36 (KHTML, like Gecko) Chrome/60.0.3112.113 Safari/537.36
-----[10/Sep/2017:17:55:30 +0000] GET /admin/user?user_name=asdkljksandnas 304 16.156 ms - Mozilla/5.0 (Macintosh; Intel Mac OS X 10_12_6) AppleWebKit/537.36 (KHTML, like Gecko) Chrome/60.0.3112.113 Safari/537.36
-----[10/Sep/2017:17:55:38 +0000] GET /admin/user?user_name=asdkljksandnas 304 1.583 ms - Mozilla/5.0 (Macintosh; Intel Mac OS X 10_12_6) AppleWebKit/537.36 (KHTML, like Gecko) Chrome/60.0.3112.113 Safari/537.36
-----[10/Sep/2017:17:55:39 +0000] GET /admin/user?user_name=asdkljksandnas 304 1.157 ms - Mozilla/5.0 (Macintosh; Intel Mac OS X 10_12_6) AppleWebKit/537.36 (KHTML, like Gecko) Chrome/60.0.3112.113 Safari/537.36
-----[10/Sep/2017:17:55:41 +0000] GET /admin/user?user_name=asdkljksandnas 304 1.079 ms - Mozilla/5.0 (Macintosh; Intel Mac OS X 10_12_6) AppleWebKit/537.36 (KHTML, like Gecko) Chrome/60.0.3112.113 Safari/537.36
-----[10/Sep/2017:18:03:05 +0000] GET /admin/user?user_name=asdkljksandnas 200 32.900 ms - Mozilla/5.0 (Macintosh; Intel Mac OS X 10_12_6) AppleWebKit/537.36 (KHTML, like Gecko) Chrome/60.0.3112.113 Safari/537.36
-----[10/Sep/2017:18:03:51 +0000] GET /admin/user?user_name=21432535 200 5.406 ms - Mozilla/5.0 (Macintosh; Intel Mac OS X 10_12_6) AppleWebKit/537.36 (KHTML, like Gecko) Chrome/60.0.3112.113 Safari/537.36
-----[10/Sep/2017:18:04:51 +0000] GET /admin/user?user_name=21432535 200 31.558 ms - Mozilla/5.0 (Macintosh; Intel Mac OS X 10_12_6) AppleWebKit/537.36 (KHTML, like Gecko) Chrome/60.0.3112.113 Safari/537.36
-----[10/Sep/2017:18:05:38 +0000] GET /admin/user?user_name=21432535 200 38.338 ms - Mozilla/5.0 (Macintosh; Intel Mac OS X 10_12_6) AppleWebKit/537.36 (KHTML, like Gecko) Chrome/60.0.3112.113 Safari/537.36
-----[10/Sep/2017:18:06:46 +0000] GET /admin/user?user_name=21432535 200 31.392 ms - Mozilla/5.0 (Macintosh; Intel Mac OS X 10_12_6) AppleWebKit/537.36 (KHTML, like Gecko) Chrome/60.0.3112.113 Safari/537.36
-----[10/Sep/2017:18:07:49 +0000] GET /admin/user?user_name=21432535 200 32.211 ms - Mozilla/5.0 (Macintosh; Intel Mac OS X 10_12_6) AppleWebKit/537.36 (KHTML, like Gecko) Chrome/60.0.3112.113 Safari/537.36
-----[10/Sep/2017:18:11:05 +0000] GET /admin/user?user_name=21432535 200 4.842 ms - Mozilla/5.0 (Macintosh; Intel Mac OS X 10_12_6) AppleWebKit/537.36 (KHTML, like Gecko) Chrome/60.0.3112.113 Safari/537.36
-----[10/Sep/2017:18:11:42 +0000] GET /admin/user?user_name=21432535 200 26.470 ms - Mozilla/5.0 (Macintosh; Intel Mac OS X 10_12_6) AppleWebKit/537.36 (KHTML, like Gecko) Chrome/60.0.3112.113 Safari/537.36
-----[10/Sep/2017:18:14:47 +0000] GET /admin/user?user_name=21432535 200 3.647 ms - Mozilla/5.0 (Macintosh; Intel Mac OS X 10_12_6) AppleWebKit/537.36 (KHTML, like Gecko) Chrome/60.0.3112.113 Safari/537.36
-----[10/Sep/2017:18:14:47 +0000] GET /admin/user?user_name=21432535 200 3.679 ms - Mozilla/5.0 (Macintosh; Intel Mac OS X 10_12_6) AppleWebKit/537.36 (KHTML, like Gecko) Chrome/60.0.3112.113 Safari/537.36
-----[10/Sep/2017:18:21:04 +0000] GET /admin/user?user_name=21432535 200 1.876 ms - Mozilla/5.0 (Macintosh; Intel Mac OS X 10_12_6) AppleWebKit/537.36 (KHTML, like Gecko) Chrome/60.0.3112.113 Safari/537.36
-----[10/Sep/2017:18:21:07 +0000] GET /admin/user?user_name=21432535 200 2.334 ms - Mozilla/5.0 (Macintosh; Intel Mac OS X 10_12_6) AppleWebKit/537.36 (KHTML, like Gecko) Chrome/60.0.3112.113 Safari/537.36
-----[10/Sep/2017:18:23:51 +0000] GET /admin/user?user_name=21432535 200 27.765 ms - Mozilla/5.0 (Macintosh; Intel Mac OS X 10_12_6) AppleWebKit/537.36 (KHTML, like Gecko) Chrome/60.0.3112.113 Safari/537.36
-----[10/Sep/2017:18:32:25 +0000] GET /admin/user?user_name=21432535 200 26.113 ms - Mozilla/5.0 (Macintosh; Intel Mac OS X 10_12_6) AppleWebKit/537.36 (KHTML, like Gecko) Chrome/60.0.3112.113 Safari/537.36
-----[10/Sep/2017:18:32:37 +0000] GET /admin/user?user_name=1231331231 200 3.379 ms - Mozilla/5.0 (Macintosh; Intel Mac OS X 10_12_6) AppleWebKit/537.36 (KHTML, like Gecko) Chrome/60.0.3112.113 Safari/537.36
-----[10/Sep/2017:18:32:49 +0000] GET /admin/user?user_name=1231331231 200 3.916 ms - Mozilla/5.0 (Macintosh; Intel Mac OS X 10_12_6) AppleWebKit/537.36 (KHTML, like Gecko) Chrome/60.0.3112.113 Safari/537.36
-----[10/Sep/2017:18:45:14 +0000] GET /admin/user?user_name=1231331231 200 36.390 ms - Mozilla/5.0 (Macintosh; Intel Mac OS X 10_12_6) AppleWebKit/537.36 (KHTML, like Gecko) Chrome/60.0.3112.113 Safari/537.36
-----[10/Sep/2017:18:47:12 +0000] GET /admin/register?user_name=1231331231 404 0.815 ms - Mozilla/5.0 (Macintosh; Intel Mac OS X 10_12_6) AppleWebKit/537.36 (KHTML, like Gecko) Chrome/60.0.3112.113 Safari/537.36
-----[10/Sep/2017:18:47:16 +0000] GET /admin/user?user_name=1231331231 200 9.737 ms - Mozilla/5.0 (Macintosh; Intel Mac OS X 10_12_6) AppleWebKit/537.36 (KHTML, like Gecko) Chrome/60.0.3112.113 Safari/537.36
-----[10/Sep/2017:18:48:36 +0000] GET /admin/user?user_name=1231331231 200 30.992 ms - Mozilla/5.0 (Macintosh; Intel Mac OS X 10_12_6) AppleWebKit/537.36 (KHTML, like Gecko) Chrome/60.0.3112.113 Safari/537.36
-----[10/Sep/2017:18:48:53 +0000] GET /admin/user?user_name=32123 200 3.605 ms - Mozilla/5.0 (Macintosh; Intel Mac OS X 10_12_6) AppleWebKit/537.36 (KHTML, like Gecko) Chrome/60.0.3112.113 Safari/537.36
-----[10/Sep/2017:18:52:08 +0000] GET /admin/user?user_name=32123 200 27.234 ms - Mozilla/5.0 (Macintosh; Intel Mac OS X 10_12_6) AppleWebKit/537.36 (KHTML, like Gecko) Chrome/60.0.3112.113 Safari/537.36
-----[10/Sep/2017:18:52:39 +0000] GET /admin/user?user_name=32123 200 33.113 ms - Mozilla/5.0 (Macintosh; Intel Mac OS X 10_12_6) AppleWebKit/537.36 (KHTML, like Gecko) Chrome/60.0.3112.113 Safari/537.36
-----[10/Sep/2017:18:53:30 +0000] GET /admin/user?user_name=321233333 200 8.366 ms - Mozilla/5.0 (Macintosh; Intel Mac OS X 10_12_6) AppleWebKit/537.36 (KHTML, like Gecko) Chrome/60.0.3112.113 Safari/537.36
-----[10/Sep/2017:18:53:45 +0000] GET /admin/user?user_name=11111111111 200 3.648 ms - Mozilla/5.0 (Macintosh; Intel Mac OS X 10_12_6) AppleWebKit/537.36 (KHTML, like Gecko) Chrome/60.0.3112.113 Safari/537.36
-----[10/Sep/2017:18:59:46 +0000] GET /admin/user?user_name=11111111111 200 31.492 ms - Mozilla/5.0 (Macintosh; Intel Mac OS X 10_12_6) AppleWebKit/537.36 (KHTML, like Gecko) Chrome/60.0.3112.113 Safari/537.36
-----[10/Sep/2017:19:00:18 +0000] GET /admin/user?user_name=11111111111www - - ms - Mozilla/5.0 (Macintosh; Intel Mac OS X 10_12_6) AppleWebKit/537.36 (KHTML, like Gecko) Chrome/60.0.3112.113 Safari/537.36
-----[10/Sep/2017:19:00:18 +0000] GET /admin/user?user_name=11111111111 304 2.299 ms - Mozilla/5.0 (Macintosh; Intel Mac OS X 10_12_6) AppleWebKit/537.36 (KHTML, like Gecko) Chrome/60.0.3112.113 Safari/537.36
-----[10/Sep/2017:19:00:29 +0000] GET /admin/user?user_name=11111111111wwww - - ms - Mozilla/5.0 (Macintosh; Intel Mac OS X 10_12_6) AppleWebKit/537.36 (KHTML, like Gecko) Chrome/60.0.3112.113 Safari/537.36
-----[10/Sep/2017:19:00:29 +0000] GET /admin/user?user_name=11111111111 304 7.811 ms - Mozilla/5.0 (Macintosh; Intel Mac OS X 10_12_6) AppleWebKit/537.36 (KHTML, like Gecko) Chrome/60.0.3112.113 Safari/537.36
-----[10/Sep/2017:19:01:13 +0000] GET /admin/user?user_name=11111111111 304 2.352 ms - Mozilla/5.0 (Macintosh; Intel Mac OS X 10_12_6) AppleWebKit/537.36 (KHTML, like Gecko) Chrome/60.0.3112.113 Safari/537.36
-----[10/Sep/2017:19:01:26 +0000] GET /admin/user?user_name=11111111111 - - ms - Mozilla/5.0 (Macintosh; Intel Mac OS X 10_12_6) AppleWebKit/537.36 (KHTML, like Gecko) Chrome/60.0.3112.113 Safari/537.36
-----[10/Sep/2017:19:02:14 +0000] GET /admin/user?user_name=11111111111 200 30.300 ms - Mozilla/5.0 (Macintosh; Intel Mac OS X 10_12_6) AppleWebKit/537.36 (KHTML, like Gecko) Chrome/60.0.3112.113 Safari/537.36
-----[10/Sep/2017:19:02:14 +0000] GET /admin/user?user_name=11111111111 200 7.919 ms - Mozilla/5.0 (Macintosh; Intel Mac OS X 10_12_6) AppleWebKit/537.36 (KHTML, like Gecko) Chrome/60.0.3112.113 Safari/537.36
-----[10/Sep/2017:19:02:17 +0000] GET /admin/user?user_name=11111111111 200 7.330 ms - Mozilla/5.0 (Macintosh; Intel Mac OS X 10_12_6) AppleWebKit/537.36 (KHTML, like Gecko) Chrome/60.0.3112.113 Safari/537.36
-----[10/Sep/2017:19:03:24 +0000] GET /admin/user?user_name=11111111111 200 29.819 ms - Mozilla/5.0 (Macintosh; Intel Mac OS X 10_12_6) AppleWebKit/537.36 (KHTML, like Gecko) Chrome/60.0.3112.113 Safari/537.36
-----[10/Sep/2017:19:03:28 +0000] GET /admin/user?user_name=222222 200 4.320 ms - Mozilla/5.0 (Macintosh; Intel Mac OS X 10_12_6) AppleWebKit/537.36 (KHTML, like Gecko) Chrome/60.0.3112.113 Safari/537.36
-----[10/Sep/2017:19:03:39 +0000] GET /admin/user?user_name=11111111111 304 2.607 ms - Mozilla/5.0 (Macintosh; Intel Mac OS X 10_12_6) AppleWebKit/537.36 (KHTML, like Gecko) Chrome/60.0.3112.113 Safari/537.36
-----[10/Sep/2017:19:03:42 +0000] GET /admin/user?user_name=2222 200 6.399 ms - Mozilla/5.0 (Macintosh; Intel Mac OS X 10_12_6) AppleWebKit/537.36 (KHTML, like Gecko) Chrome/60.0.3112.113 Safari/537.36
-----[10/Sep/2017:19:03:46 +0000] GET /admin/user?user_name=2222 200 3.851 ms - Mozilla/5.0 (Macintosh; Intel Mac OS X 10_12_6) AppleWebKit/537.36 (KHTML, like Gecko) Chrome/60.0.3112.113 Safari/537.36
-----[10/Sep/2017:19:05:02 +0000] GET /admin/user?user_name= - - ms - Mozilla/5.0 (Macintosh; Intel Mac OS X 10_12_6) AppleWebKit/537.36 (KHTML, like Gecko) Chrome/60.0.3112.113 Safari/537.36
-----[10/Sep/2017:19:05:05 +0000] GET /admin/user?user_name - - ms - Mozilla/5.0 (Macintosh; Intel Mac OS X 10_12_6) AppleWebKit/537.36 (KHTML, like Gecko) Chrome/60.0.3112.113 Safari/537.36
-----[10/Sep/2017:19:05:07 +0000] GET /admin/user? - - ms - Mozilla/5.0 (Macintosh; Intel Mac OS X 10_12_6) AppleWebKit/537.36 (KHTML, like Gecko) Chrome/60.0.3112.113 Safari/537.36
-----[10/Sep/2017:19:05:07 +0000] GET /admin/user?user_name=2222 304 3.132 ms - Mozilla/5.0 (Macintosh; Intel Mac OS X 10_12_6) AppleWebKit/537.36 (KHTML, like Gecko) Chrome/60.0.3112.113 Safari/537.36
-----[10/Sep/2017:19:05:28 +0000] GET /admin/user - - ms - Mozilla/5.0 (Macintosh; Intel Mac OS X 10_12_6) AppleWebKit/537.36 (KHTML, like Gecko) Chrome/60.0.3112.113 Safari/537.36
-----[10/Sep/2017:19:05:28 +0000] GET /admin/user?user_name=2222 304 3.389 ms - Mozilla/5.0 (Macintosh; Intel Mac OS X 10_12_6) AppleWebKit/537.36 (KHTML, like Gecko) Chrome/60.0.3112.113 Safari/537.36
-----[10/Sep/2017:19:15:38 +0000] GET /admin/user?user_name=2222 200 13.815 ms - Mozilla/5.0 (Macintosh; Intel Mac OS X 10_12_6) AppleWebKit/537.36 (KHTML, like Gecko) Chrome/60.0.3112.113 Safari/537.36
-----[10/Sep/2017:19:16:19 +0000] GET /admin/user?user_name=2222 200 7.054 ms - Mozilla/5.0 (Macintosh; Intel Mac OS X 10_12_6) AppleWebKit/537.36 (KHTML, like Gecko) Chrome/60.0.3112.113 Safari/537.36
-----[10/Sep/2017:19:17:45 +0000] GET /admin/user?user_name=2222 200 12.786 ms - Mozilla/5.0 (Macintosh; Intel Mac OS X 10_12_6) AppleWebKit/537.36 (KHTML, like Gecko) Chrome/60.0.3112.113 Safari/537.36
